0 info it worked if it ends with ok
1 verbose cli [ '/usr/local/bin/node',
1 verbose cli   '/usr/local/bin/npm',
1 verbose cli   'install',
1 verbose cli   'socket.io' ]
2 info using npm@1.1.66
3 info using node@v0.8.15
4 verbose read json /home/osha/stormHacks/studytime/package.json
5 verbose read json /home/osha/stormHacks/studytime/node_modules/@types/package.json
6 verbose read json /home/osha/stormHacks/studytime/node_modules/accepts/package.json
7 verbose read json /home/osha/stormHacks/studytime/node_modules/array-flatten/package.json
8 verbose read json /home/osha/stormHacks/studytime/node_modules/body-parser/package.json
9 verbose read json /home/osha/stormHacks/studytime/node_modules/bytes/package.json
10 verbose read json /home/osha/stormHacks/studytime/node_modules/content-disposition/package.json
11 verbose read json /home/osha/stormHacks/studytime/node_modules/content-type/package.json
12 verbose read json /home/osha/stormHacks/studytime/node_modules/cookie/package.json
13 verbose read json /home/osha/stormHacks/studytime/node_modules/cookie-signature/package.json
14 verbose read json /home/osha/stormHacks/studytime/node_modules/debug/package.json
15 verbose read json /home/osha/stormHacks/studytime/node_modules/depd/package.json
16 verbose read json /home/osha/stormHacks/studytime/node_modules/destroy/package.json
17 verbose read json /home/osha/stormHacks/studytime/node_modules/ee-first/package.json
18 verbose read json /home/osha/stormHacks/studytime/node_modules/encodeurl/package.json
19 verbose read json /home/osha/stormHacks/studytime/node_modules/escape-html/package.json
20 verbose read json /home/osha/stormHacks/studytime/node_modules/etag/package.json
21 verbose read json /home/osha/stormHacks/studytime/node_modules/express/package.json
22 verbose read json /home/osha/stormHacks/studytime/node_modules/finalhandler/package.json
23 verbose read json /home/osha/stormHacks/studytime/node_modules/forwarded/package.json
24 verbose read json /home/osha/stormHacks/studytime/node_modules/fresh/package.json
25 verbose read json /home/osha/stormHacks/studytime/node_modules/http-errors/package.json
26 verbose read json /home/osha/stormHacks/studytime/node_modules/iconv-lite/package.json
27 verbose read json /home/osha/stormHacks/studytime/node_modules/inherits/package.json
28 verbose read json /home/osha/stormHacks/studytime/node_modules/ipaddr.js/package.json
29 verbose read json /home/osha/stormHacks/studytime/node_modules/media-typer/package.json
30 verbose read json /home/osha/stormHacks/studytime/node_modules/merge-descriptors/package.json
31 verbose read json /home/osha/stormHacks/studytime/node_modules/methods/package.json
32 verbose read json /home/osha/stormHacks/studytime/node_modules/mime/package.json
33 verbose read json /home/osha/stormHacks/studytime/node_modules/mime-db/package.json
34 verbose read json /home/osha/stormHacks/studytime/node_modules/mime-types/package.json
35 verbose read json /home/osha/stormHacks/studytime/node_modules/ms/package.json
36 verbose read json /home/osha/stormHacks/studytime/node_modules/negotiator/package.json
37 verbose read json /home/osha/stormHacks/studytime/node_modules/on-finished/package.json
38 verbose read json /home/osha/stormHacks/studytime/node_modules/parseurl/package.json
39 verbose read json /home/osha/stormHacks/studytime/node_modules/path-to-regexp/package.json
40 verbose read json /home/osha/stormHacks/studytime/node_modules/proxy-addr/package.json
41 verbose read json /home/osha/stormHacks/studytime/node_modules/qs/package.json
42 verbose read json /home/osha/stormHacks/studytime/node_modules/range-parser/package.json
43 verbose read json /home/osha/stormHacks/studytime/node_modules/raw-body/package.json
44 verbose read json /home/osha/stormHacks/studytime/node_modules/safe-buffer/package.json
45 verbose read json /home/osha/stormHacks/studytime/node_modules/safer-buffer/package.json
46 verbose read json /home/osha/stormHacks/studytime/node_modules/send/package.json
47 verbose read json /home/osha/stormHacks/studytime/node_modules/serve-static/package.json
48 verbose read json /home/osha/stormHacks/studytime/node_modules/setprototypeof/package.json
49 verbose read json /home/osha/stormHacks/studytime/node_modules/statuses/package.json
50 verbose read json /home/osha/stormHacks/studytime/node_modules/toidentifier/package.json
51 verbose read json /home/osha/stormHacks/studytime/node_modules/type-is/package.json
52 verbose read json /home/osha/stormHacks/studytime/node_modules/unpipe/package.json
53 verbose read json /home/osha/stormHacks/studytime/node_modules/utils-merge/package.json
54 verbose read json /home/osha/stormHacks/studytime/node_modules/vary/package.json
55 verbose from cache /home/osha/stormHacks/studytime/package.json
56 verbose readDependencies using package.json deps
57 verbose cache add [ 'socket.io', null ]
58 silly cache add name=undefined spec="socket.io" args=["socket.io",null]
59 verbose parsed url { pathname: 'socket.io', path: 'socket.io', href: 'socket.io' }
60 silly lockFile 71475bfd-socket-io socket.io
61 verbose lock socket.io /root/.npm/71475bfd-socket-io.lock
62 silly lockFile 71475bfd-socket-io socket.io
63 verbose addNamed [ 'socket.io', '' ]
64 verbose addNamed [ null, '' ]
65 silly lockFile c03de861-socket-io socket.io@
66 verbose lock socket.io@ /root/.npm/c03de861-socket-io.lock
67 silly addNameRange { name: 'socket.io', range: '', hasData: false }
68 verbose url raw socket.io
69 verbose url resolving [ 'https://registry.npmjs.org/', './socket.io' ]
70 verbose url resolved https://registry.npmjs.org/socket.io
71 info trying registry request attempt 1 at 15:16:33
72 http GET https://registry.npmjs.org/socket.io
73 silly lockFile c03de861-socket-io socket.io@
74 error Error: SSL Error: CERT_UNTRUSTED
74 error     at ClientRequest.<anonymous> (/usr/local/lib/node_modules/npm/node_modules/request/main.js:525:26)
74 error     at ClientRequest.g (events.js:192:14)
74 error     at ClientRequest.EventEmitter.emit (events.js:96:17)
74 error     at HTTPParser.parserOnIncomingClient [as onIncoming] (http.js:1462:7)
74 error     at HTTPParser.parserOnHeadersComplete [as onHeadersComplete] (http.js:111:23)
74 error     at CleartextStream.socketOnData [as ondata] (http.js:1367:20)
74 error     at CleartextStream.CryptoStream._push (tls.js:526:27)
74 error     at SecurePair.cycle (tls.js:880:20)
74 error     at EncryptedStream.CryptoStream.write (tls.js:267:13)
74 error     at Socket.ondata (stream.js:38:26)
75 error If you need help, you may report this log at:
75 error     <http://github.com/isaacs/npm/issues>
75 error or email it to:
75 error     <npm-@googlegroups.com>
76 error System Linux 4.4.0-18362-Microsoft
77 error command "/usr/local/bin/node" "/usr/local/bin/npm" "install" "socket.io"
78 error cwd /home/osha/stormHacks/studytime
79 error node -v v0.8.15
80 error npm -v 1.1.66
81 error code ESSL
82 verbose exit [ 1, true ]
